<?xml version="1.0" encoding="UTF-8"?>
<!-- Generated by org.testng.reporters.JUnitXMLReporter -->
<testsuite hostname="DESKTOP-4OC8GVD" ignored="0" name="Default test" tests="3" failures="0" timestamp="09 Sep 2019 16:04:33 GMT" time="9.142" errors="0">
  <testcase name="testC" time="3.021" classname="qafox.TestNGGRID.testcases.TestC"/>
  <testcase name="testA" time="3.015" classname="qafox.TestNGGRID.testcases.TestA"/>
  <testcase name="testB" time="3.012" classname="qafox.TestNGGRID.testcases.TestB"/>
</testsuite> <!-- Default test -->
